2021-05-01 15:35:25.768602: I tensorflow/stream_executor/platform/default/dso_loader.cc:49] Successfully opened dynamic library libcudart.so.11.0
2021-05-01 15:37:02.628898: I tensorflow/compiler/jit/xla_cpu_device.cc:41] Not creating XLA devices, tf_xla_enable_xla_devices not set
2021-05-01 15:37:02.686327: I tensorflow/stream_executor/platform/default/dso_loader.cc:49] Successfully opened dynamic library libcuda.so.1
2021-05-01 15:37:03.464690: I tensorflow/core/common_runtime/gpu/gpu_device.cc:1720] Found device 0 with properties: 
pciBusID: 0000:b3:00.0 name: TITAN V computeCapability: 7.0
coreClock: 1.455GHz coreCount: 80 deviceMemorySize: 11.78GiB deviceMemoryBandwidth: 607.97GiB/s
2021-05-01 15:37:03.464767: I tensorflow/stream_executor/platform/default/dso_loader.cc:49] Successfully opened dynamic library libcudart.so.11.0
2021-05-01 15:37:03.482575: I tensorflow/stream_executor/platform/default/dso_loader.cc:49] Successfully opened dynamic library libcublas.so.11
2021-05-01 15:37:03.482723: I tensorflow/stream_executor/platform/default/dso_loader.cc:49] Successfully opened dynamic library libcublasLt.so.11
2021-05-01 15:37:03.502546: I tensorflow/stream_executor/platform/default/dso_loader.cc:49] Successfully opened dynamic library libcufft.so.10
2021-05-01 15:37:03.513279: I tensorflow/stream_executor/platform/default/dso_loader.cc:49] Successfully opened dynamic library libcurand.so.10
2021-05-01 15:37:03.558358: I tensorflow/stream_executor/platform/default/dso_loader.cc:49] Successfully opened dynamic library libcusolver.so.10
2021-05-01 15:37:03.563841: I tensorflow/stream_executor/platform/default/dso_loader.cc:49] Successfully opened dynamic library libcusparse.so.11
2021-05-01 15:37:03.565837: I tensorflow/stream_executor/platform/default/dso_loader.cc:49] Successfully opened dynamic library libcudnn.so.8
2021-05-01 15:37:03.586093: I tensorflow/core/common_runtime/gpu/gpu_device.cc:1862] Adding visible gpu devices: 0
2021-05-01 15:37:03.586883: I tensorflow/core/platform/cpu_feature_guard.cc:142] This TensorFlow binary is optimized with oneAPI Deep Neural Network Library (oneDNN) to use the following CPU instructions in performance-critical operations:  AVX2 AVX512F FMA
To enable them in other operations, rebuild TensorFlow with the appropriate compiler flags.
2021-05-01 15:37:03.587313: I tensorflow/compiler/jit/xla_gpu_device.cc:99] Not creating XLA devices, tf_xla_enable_xla_devices not set
2021-05-01 15:37:03.588713: I tensorflow/core/common_runtime/gpu/gpu_device.cc:1720] Found device 0 with properties: 
pciBusID: 0000:b3:00.0 name: TITAN V computeCapability: 7.0
coreClock: 1.455GHz coreCount: 80 deviceMemorySize: 11.78GiB deviceMemoryBandwidth: 607.97GiB/s
2021-05-01 15:37:03.588785: I tensorflow/stream_executor/platform/default/dso_loader.cc:49] Successfully opened dynamic library libcudart.so.11.0
2021-05-01 15:37:03.588840: I tensorflow/stream_executor/platform/default/dso_loader.cc:49] Successfully opened dynamic library libcublas.so.11
2021-05-01 15:37:03.588885: I tensorflow/stream_executor/platform/default/dso_loader.cc:49] Successfully opened dynamic library libcublasLt.so.11
2021-05-01 15:37:03.588929: I tensorflow/stream_executor/platform/default/dso_loader.cc:49] Successfully opened dynamic library libcufft.so.10
2021-05-01 15:37:03.588980: I tensorflow/stream_executor/platform/default/dso_loader.cc:49] Successfully opened dynamic library libcurand.so.10
2021-05-01 15:37:03.589021: I tensorflow/stream_executor/platform/default/dso_loader.cc:49] Successfully opened dynamic library libcusolver.so.10
2021-05-01 15:37:03.589068: I tensorflow/stream_executor/platform/default/dso_loader.cc:49] Successfully opened dynamic library libcusparse.so.11
2021-05-01 15:37:03.589119: I tensorflow/stream_executor/platform/default/dso_loader.cc:49] Successfully opened dynamic library libcudnn.so.8
2021-05-01 15:37:03.591437: I tensorflow/core/common_runtime/gpu/gpu_device.cc:1862] Adding visible gpu devices: 0
2021-05-01 15:37:03.614756: I tensorflow/stream_executor/platform/default/dso_loader.cc:49] Successfully opened dynamic library libcudart.so.11.0
2021-05-01 15:37:09.061874: I tensorflow/core/common_runtime/gpu/gpu_device.cc:1261] Device interconnect StreamExecutor with strength 1 edge matrix:
2021-05-01 15:37:09.061962: I tensorflow/core/common_runtime/gpu/gpu_device.cc:1267]      0 
2021-05-01 15:37:09.061984: I tensorflow/core/common_runtime/gpu/gpu_device.cc:1280] 0:   N 
2021-05-01 15:37:09.117755: I tensorflow/core/common_runtime/gpu/gpu_device.cc:1406] Created TensorFlow device (/job:localhost/replica:0/task:0/device:GPU:0 with 10911 MB memory) -> physical GPU (device: 0, name: TITAN V, pci bus id: 0000:b3:00.0, compute capability: 7.0)
Traceback (most recent call last):
  File "/homes/hinge/_image_analysis/image_analysis_1/train_classifier.py", line 88, in <module>
    opt = keras.optimizers.Adam(learning_rate=0.0001)
NameError: name 'keras' is not defined
srun: error: titan5: task 0: Exited with exit code 1
